<?xml version="1.0" encoding="UTF-8"?>
<testng-results skipped="0" failed="1" ignored="0" total="7" passed="6">
  <reporter-output>
  </reporter-output>
  <suite name="用户管理系统测试" duration-ms="15311" started-at="2020-09-16T16:46:18 CST" finished-at="2020-09-16T16:46:34 CST">
    <groups>
      <group name="loginTrue">
        <method signature="LoginTest.loginTrue()[pri:0, instance:com.test.testcase.LoginTest@5cb9f472]" name="loginTrue" class="com.test.testcase.LoginTest"/>
      </group> <!-- loginTrue -->
      <group name="loginFalse">
        <method signature="LoginTest.loginFalse()[pri:0, instance:com.test.testcase.LoginTest@5cb9f472]" name="loginFalse" class="com.test.testcase.LoginTest"/>
      </group> <!-- loginFalse -->
    </groups>
    <test name="TestUser" duration-ms="15311" started-at="2020-09-16T16:46:18 CST" finished-at="2020-09-16T16:46:34 CST">
      <class name="com.test.testcase.GetUserInfoTest">
        <test-method status="PASS" signature="getUserInfo()[pri:0, instance:com.test.testcase.GetUserInfoTest@cb644e]" name="getUserInfo" duration-ms="53" depends-on-groups="loginTrue" started-at="2020-09-16T16:46:19 CST" description="获取用户信息" finished-at="2020-09-16T16:46:19 CST">
          <reporter-output>
          </reporter-output>
        </test-method> <!-- getUserInfo -->
      </class> <!-- com.test.testcase.GetUserInfoTest -->
      <class name="com.test.testcase.AddUserTest">
        <test-method status="PASS" signature="addUser()[pri:0, instance:com.test.testcase.AddUserTest@13805618]" name="addUser" duration-ms="3047" depends-on-groups="loginTrue" started-at="2020-09-16T16:46:19 CST" description="添加用户测试" finished-at="2020-09-16T16:46:22 CST">
          <reporter-output>
          </reporter-output>
        </test-method> <!-- addUser -->
      </class> <!-- com.test.testcase.AddUserTest -->
      <class name="com.test.testcase.UpdateUserInfoTest">
        <test-method status="PASS" signature="deleteUserInfo()[pri:0, instance:com.test.testcase.UpdateUserInfoTest@4566e5bd]" name="deleteUserInfo" duration-ms="6048" depends-on-groups="loginTrue" started-at="2020-09-16T16:46:23 CST" description="删除用户信息" finished-at="2020-09-16T16:46:29 CST">
          <reporter-output>
          </reporter-output>
        </test-method> <!-- deleteUserInfo -->
        <test-method status="FAIL" signature="updateUserInfo()[pri:0, instance:com.test.testcase.UpdateUserInfoTest@4566e5bd]" name="updateUserInfo" duration-ms="5072" depends-on-groups="loginTrue" started-at="2020-09-16T16:46:29 CST" description="修改用户信息" finished-at="2020-09-16T16:46:34 CST">
          <exception class="java.lang.AssertionError">
            <message>
              <![CDATA[expected object to not be null]]>
            </message>
            <full-stacktrace>
              <![CDATA[java.lang.AssertionError: expected object to not be null
at org.testng.Assert.fail(Assert.java:97)
at org.testng.Assert.assertNotNull(Assert.java:874)
at org.testng.Assert.assertNotNull(Assert.java:858)
at com.test.testcase.UpdateUserInfoTest.updateUserInfo(UpdateUserInfoTest.java:33)
at sun.reflect.NativeMethodAccessorImpl.invoke0(Native Method)
at sun.reflect.NativeMethodAccessorImpl.invoke(NativeMethodAccessorImpl.java:62)
at sun.reflect.DelegatingMethodAccessorImpl.invoke(DelegatingMethodAccessorImpl.java:43)
at java.lang.reflect.Method.invoke(Method.java:498)
at org.testng.internal.MethodInvocationHelper.invokeMethod(MethodInvocationHelper.java:134)
at org.testng.internal.TestInvoker.invokeMethod(TestInvoker.java:597)
at org.testng.internal.TestInvoker.invokeTestMethod(TestInvoker.java:173)
at org.testng.internal.MethodRunner.runInSequence(MethodRunner.java:46)
at org.testng.internal.TestInvoker$MethodInvocationAgent.invoke(TestInvoker.java:816)
at org.testng.internal.TestInvoker.invokeTestMethods(TestInvoker.java:146)
at org.testng.internal.TestMethodWorker.invokeTestMethods(TestMethodWorker.java:146)
at org.testng.internal.TestMethodWorker.run(TestMethodWorker.java:128)
at java.util.ArrayList.forEach(ArrayList.java:1257)
at org.testng.TestRunner.privateRun(TestRunner.java:766)
at org.testng.TestRunner.run(TestRunner.java:587)
at org.testng.SuiteRunner.runTest(SuiteRunner.java:384)
at org.testng.SuiteRunner.runSequentially(SuiteRunner.java:378)
at org.testng.SuiteRunner.privateRun(SuiteRunner.java:337)
at org.testng.SuiteRunner.run(SuiteRunner.java:286)
at org.testng.SuiteRunnerWorker.runSuite(SuiteRunnerWorker.java:53)
at org.testng.SuiteRunnerWorker.run(SuiteRunnerWorker.java:96)
at org.testng.TestNG.runSuitesSequentially(TestNG.java:1187)
at org.testng.TestNG.runSuitesLocally(TestNG.java:1109)
at org.testng.TestNG.runSuites(TestNG.java:1039)
at org.testng.TestNG.run(TestNG.java:1007)
at org.apache.maven.surefire.testng.TestNGExecutor.run(TestNGExecutor.java:282)
at org.apache.maven.surefire.testng.TestNGXmlTestSuite.execute(TestNGXmlTestSuite.java:83)
at org.apache.maven.surefire.testng.TestNGProvider.invoke(TestNGProvider.java:114)
at org.apache.maven.surefire.booter.ForkedBooter.invokeProviderInSameClassLoader(ForkedBooter.java:286)
at org.apache.maven.surefire.booter.ForkedBooter.runSuitesInProcess(ForkedBooter.java:240)
at org.apache.maven.surefire.booter.ForkedBooter.main(ForkedBooter.java:121)
]]>
            </full-stacktrace>
          </exception> <!-- java.lang.AssertionError -->
          <reporter-output>
          </reporter-output>
        </test-method> <!-- updateUserInfo -->
      </class> <!-- com.test.testcase.UpdateUserInfoTest -->
      <class name="com.test.testcase.GetUserListTest">
        <test-method status="PASS" signature="getUserList()[pri:0, instance:com.test.testcase.GetUserListTest@56ef9176]" name="getUserList" duration-ms="130" depends-on-groups="loginTrue" started-at="2020-09-16T16:46:22 CST" description="获取用户列表测试" finished-at="2020-09-16T16:46:23 CST">
          <reporter-output>
          </reporter-output>
        </test-method> <!-- getUserList -->
      </class> <!-- com.test.testcase.GetUserListTest -->
      <class name="com.test.testcase.LoginTest">
        <test-method status="PASS" signature="beforTest()[pri:0, instance:com.test.testcase.LoginTest@5cb9f472]" name="beforTest" is-config="true" duration-ms="343" started-at="2020-09-16T16:46:18 CST" description="测试准备工作" finished-at="2020-09-16T16:46:19 CST">
          <reporter-output>
          </reporter-output>
        </test-method> <!-- beforTest -->
        <test-method status="PASS" signature="loginTrue()[pri:0, instance:com.test.testcase.LoginTest@5cb9f472]" name="loginTrue" duration-ms="541" started-at="2020-09-16T16:46:19 CST" description="用户登录成功接口测试" finished-at="2020-09-16T16:46:19 CST">
          <reporter-output>
          </reporter-output>
        </test-method> <!-- loginTrue -->
        <test-method status="PASS" signature="loginFalse()[pri:0, instance:com.test.testcase.LoginTest@5cb9f472]" name="loginFalse" duration-ms="36" started-at="2020-09-16T16:46:19 CST" description="用户登录失败接口测试" finished-at="2020-09-16T16:46:19 CST">
          <reporter-output>
          </reporter-output>
        </test-method> <!-- loginFalse -->
      </class> <!-- com.test.testcase.LoginTest -->
    </test> <!-- TestUser -->
  </suite> <!-- 用户管理系统测试 -->
</testng-results>
